生成启动时间为 2018/9/29 11:52:49。
     1>项目“D:\MRCPTest\unimrcp\MRCP-Plugin-Demo-master\unimrcp-1.5.0\myclient\myclient\myclient.vcxproj”在节点 2 上(build 个目标)。
     1>InitializeBuildStatus:
         正在创建“Debug\myclient.unsuccessfulbuild”，因为已指定“AlwaysCreate”。
       ClCompile:
         所有输出均为最新。
         C:\Program Files (x86)\Microsoft Visual Studio 10.0\VC\bin\CL.exe /c /I"D:\MRCPTest\unimrcp\MRCP-Plugin-Demo-master\unimrcp-1.5.0\libs\mrcp\message\include" /I"D:\MRCPTest\unimrcp\MRCP-Plugin-Demo-master\unimrcp-1.5.0\libs\mrcp\resources\include" /I"D:\MRCPTest\unimrcp\MRCP-Plugin-Demo-master\unimrcp-1.5.0\libs\mrcp\include" /I"D:\MRCPTest\unimrcp\MRCP-Plugin-Demo-master\unimrcp-1.5.0\libs\mpf\include" /I"D:\MRCPTest\unimrcp\MRCP-Plugin-Demo-master\unimrcp-1.5.0\libs\mrcpv2-transport\include" /I"D:\MRCPTest\unimrcp\MRCP-Plugin-Demo-master\unimrcp-1.5.0\libs\mrcp-signaling\include" /I"D:\MRCPTest\unimrcp\MRCP-Plugin-Demo-master\unimrcp-1.5.0\libs\mrcp-client\include" /I"D:\MRCPTest\unimrcp\MRCP-Plugin-Demo-master\unimrcp-1.5.0\platforms\libunimrcp-client\include" /I"D:\MRCPTest\unimrcp\MRCP-Plugin-Demo-master\unimrcp-1.5.0\libs\apr-toolkit\include" /I"D:\MRCPTest\unimrcp\MRCP-Plugin-Demo-master\unimrcp-1.5.0\libs\apr-util\include" /I"D:\MRCPTest\unimrcp\MRCP-Plugin-Demo-master\unimrcp-1.5.0\libs\apr\include" /ZI /nologo /W3 /WX- /Od /Oy- /D MRCP_STATIC_LIB /D _MBCS /Gm /EHsc /RTC1 /MDd /GS /fp:precise /Zc:wchar_t /Zc:forScope /Yu"StdAfx.h" /Fp"Debug\myclient.pch" /Fo"Debug\\" /Fd"Debug\vc100.pdb" /Gd /TP /analyze- /errorReport:prompt myclient.cpp
         myclient.cpp
       ManifestResourceCompile:
         所有输出均为最新。
       Link:
         C:\Program Files (x86)\Microsoft Visual Studio 10.0\VC\bin\link.exe /ERRORREPORT:PROMPT /OUT:"D:\MRCPTest\unimrcp\MRCP-Plugin-Demo-master\unimrcp-1.5.0\myclient\Debug\myclient.exe" /INCREMENTAL /NOLOGO /LIBPATH:"D:\MRCPTest\unimrcp\MRCP-Plugin-Demo-master\unimrcp-1.5.0\Debug\lib" /LIBPATH:"D:\MRCPTest\unimrcp\MRCP-Plugin-Demo-master\unimrcp-1.5.0\myclient\myclient" aprtoolkit.lib "libapr-1.lib" "libaprutil-1.lib" comctl32.lib winmm.lib ws2_32.lib kernel32.lib user32.lib gdi32.lib winspool.lib comdlg32.lib advapi32.lib shell32.lib ole32.lib oleaut32.lib uuid.lib odbc32.lib odbccp32.lib /MANIFEST /ManifestFile:"Debug\myclient.exe.intermediate.manifest" /MANIFESTUAC:"level='asInvoker' uiAccess='false'" /DEBUG /PDB:"D:\MRCPTest\unimrcp\MRCP-Plugin-Demo-master\unimrcp-1.5.0\myclient\Debug\myclient.pdb" /SUBSYSTEM:CONSOLE /TLBID:1 /DYNAMICBASE /NXCOMPAT /IMPLIB:"D:\MRCPTest\unimrcp\MRCP-Plugin-Demo-master\unimrcp-1.5.0\myclient\Debug\myclient.lib" /MACHINE:X86 Debug\myclient.exe.embed.manifest.res
         Debug\myclient.obj
         Debug\stdafx.obj
         ..\..\Debug\lib\aprtoolkit.lib
         ..\..\Debug\lib\libunimrcpclient.lib
         ..\..\Debug\lib\mpf.lib
         ..\..\Debug\lib\mrcp.lib
         ..\..\Debug\lib\mrcpclient.lib
         ..\..\Debug\lib\mrcpsignaling.lib
         ..\..\Debug\lib\mrcpsofiasip.lib
         ..\..\Debug\lib\mrcpunirtsp.lib
         ..\..\Debug\lib\mrcpv2transport.lib
         ..\..\Debug\lib\unirtsp.lib
         "..\..\libs\sofia-sip\win32\libsofia-sip-ua\Debug\libsofia_sip_ua.lib"
         "libapr-1.lib"
         "libaprutil-1.lib"
       Manifest:
         C:\Program Files (x86)\Microsoft SDKs\Windows\v7.0A\bin\mt.exe /nologo /verbose /out:"Debug\myclient.exe.embed.manifest" /manifest Debug\myclient.exe.intermediate.manifest
         所有输出均为最新。
       LinkEmbedManifest:
         所有输出均为最新。
         myclient.vcxproj -> D:\MRCPTest\unimrcp\MRCP-Plugin-Demo-master\unimrcp-1.5.0\myclient\Debug\myclient.exe
       FinalizeBuildStatus:
         正在删除文件“Debug\myclient.unsuccessfulbuild”。
         正在对“Debug\myclient.lastbuildstate”执行 Touch 任务。
     1>已完成生成项目“D:\MRCPTest\unimrcp\MRCP-Plugin-Demo-master\unimrcp-1.5.0\myclient\myclient\myclient.vcxproj”(build 个目标)的操作。

生成成功。

已用时间 00:00:01.38
