D:\MRCPTest\unimrcp\MRCP-Plugin-Demo-master\unimrcp-1.5.0\myclient\Debug\myclient.pdb
D:\MRCPTest\unimrcp\MRCP-Plugin-Demo-master\unimrcp-1.5.0\myclient\myclient\Debug\cl.command.1.tlog
D:\MRCPTest\unimrcp\MRCP-Plugin-Demo-master\unimrcp-1.5.0\myclient\myclient\Debug\CL.read.1.tlog
D:\MRCPTest\unimrcp\MRCP-Plugin-Demo-master\unimrcp-1.5.0\myclient\myclient\Debug\CL.write.1.tlog
D:\MRCPTest\unimrcp\MRCP-Plugin-Demo-master\unimrcp-1.5.0\myclient\myclient\Debug\link.command.1.tlog
D:\MRCPTest\unimrcp\MRCP-Plugin-Demo-master\unimrcp-1.5.0\myclient\myclient\Debug\link.read.1.tlog
D:\MRCPTest\unimrcp\MRCP-Plugin-Demo-master\unimrcp-1.5.0\myclient\myclient\Debug\link.write.1.tlog
D:\MRCPTest\unimrcp\MRCP-Plugin-Demo-master\unimrcp-1.5.0\myclient\myclient\Debug\link-cvtres.read.1.tlog
D:\MRCPTest\unimrcp\MRCP-Plugin-Demo-master\unimrcp-1.5.0\myclient\myclient\Debug\link-cvtres.write.1.tlog
D:\MRCPTest\unimrcp\MRCP-Plugin-Demo-master\unimrcp-1.5.0\myclient\myclient\Debug\myclient.exe.embed.manifest
D:\MRCPTEST\UNIMRCP\MRCP-PLUGIN-DEMO-MASTER\UNIMRCP-1.5.0\MYCLIENT\MYCLIENT\DEBUG\MYCLIENT.EXE.EMBED.MANIFEST.RES
D:\MRCPTest\unimrcp\MRCP-Plugin-Demo-master\unimrcp-1.5.0\myclient\myclient\Debug\myclient.exe.intermediate.manifest
D:\MRCPTEST\UNIMRCP\MRCP-PLUGIN-DEMO-MASTER\UNIMRCP-1.5.0\MYCLIENT\MYCLIENT\DEBUG\MYCLIENT.OBJ
D:\MRCPTEST\UNIMRCP\MRCP-PLUGIN-DEMO-MASTER\UNIMRCP-1.5.0\MYCLIENT\MYCLIENT\DEBUG\MYCLIENT.PCH
D:\MRCPTest\unimrcp\MRCP-Plugin-Demo-master\unimrcp-1.5.0\myclient\myclient\Debug\myclient.vcxprojResolveAssemblyReference.cache
D:\MRCPTest\unimrcp\MRCP-Plugin-Demo-master\unimrcp-1.5.0\myclient\myclient\Debug\myclient.write.1.tlog
D:\MRCPTest\unimrcp\MRCP-Plugin-Demo-master\unimrcp-1.5.0\myclient\myclient\Debug\myclient_manifest.rc
D:\MRCPTest\unimrcp\MRCP-Plugin-Demo-master\unimrcp-1.5.0\myclient\myclient\Debug\rc.command.1.tlog
D:\MRCPTest\unimrcp\MRCP-Plugin-Demo-master\unimrcp-1.5.0\myclient\myclient\Debug\rc.read.1.tlog
D:\MRCPTest\unimrcp\MRCP-Plugin-Demo-master\unimrcp-1.5.0\myclient\myclient\Debug\rc.write.1.tlog
D:\MRCPTEST\UNIMRCP\MRCP-PLUGIN-DEMO-MASTER\UNIMRCP-1.5.0\MYCLIENT\MYCLIENT\DEBUG\STDAFX.OBJ
D:\MRCPTest\unimrcp\MRCP-Plugin-Demo-master\unimrcp-1.5.0\myclient\myclient\Debug\vc100.idb
D:\MRCPTEST\UNIMRCP\MRCP-PLUGIN-DEMO-MASTER\UNIMRCP-1.5.0\MYCLIENT\MYCLIENT\DEBUG\VC100.PDB
